
1 / 1 / 2020, 8: 17: 55 PM:
    Connecting with TCP
1 / 1 / 2020, 8: 17: 55 PM: Connection closed
1 / 1 / 2020, 8: 18: 00 PM:
    Connecting with TCP
1 / 1 / 2020, 8: 18: 00 PM: Throw at getDevicesReading: {}
1 / 1 / 2020, 8: 18: 00 PM: Error: Modbus exception 2
1 / 1 / 2020, 8: 18: 00 PM: Throw at getDevicesReading: {}
1 / 1 / 2020, 8: 18: 00 PM: Error: Modbus exception 2
1 / 1 / 2020, 8: 18: 00 PM: Throw at getDevicesReading: {}
1 / 1 / 2020, 8: 18: 00 PM: Error: Modbus exception 2
1 / 1 / 2020, 8: 18: 00 PM: Throw at getDevicesReading: {}
1 / 1 / 2020, 8: 18: 00 PM: Error: Modbus exception 2
1 / 1 / 2020, 8: 18: 00 PM: Throw at getDevicesReading: {}
1 / 1 / 2020, 8: 18: 00 PM: Error: Modbus exception 2
1 / 1 / 2020, 8: 18: 00 PM: Connection closed
1 / 1 / 2020, 8: 18: 20 PM:
    Connecting with TCP
1 / 1 / 2020, 8: 18: 20 PM: Connection closed
1 / 1 / 2020, 8: 18: 25 PM:
    Connecting with TCP
1 / 1 / 2020, 8: 18: 40 PM:
    Connecting with TCP
1 / 1 / 2020, 8: 18: 40 PM: Connection closed
1 / 1 / 2020, 8: 19: 30 PM:
    Connecting with TCP
1 / 1 / 2020, 8: 19: 30 PM: Connection closed
1 / 1 / 2020, 8: 19: 35 PM:
    Connecting with TCP
1 / 1 / 2020, 8: 19: 35 PM: Connection closed
1 / 1 / 2020, 8: 19: 40 PM:
    Connecting with TCP
1 / 1 / 2020, 8: 19: 40 PM: Connection closed
1 / 1 / 2020, 8: 20: 30 PM:
    Connecting with TCP
1 / 1 / 2020, 8: 20: 30 PM: Connection closed
1 / 1 / 2020, 8: 20: 50 PM:
    Connecting with TCP
1 / 1 / 2020, 8: 20: 50 PM: Connection closed
1 / 1 / 2020, 8: 21: 40 PM:
    Connecting with TCP
1 / 1 / 2020, 8: 21: 40 PM: Throw at getDevicesReading: {}
1 / 1 / 2020, 8: 21: 40 PM: Error: Modbus exception 2
1 / 1 / 2020, 8: 21: 40 PM: Connection closed
1 / 1 / 2020, 8: 22: 10 PM:
    Connecting with TCP
1 / 1 / 2020, 8: 22: 10 PM: Connection closed
1 / 1 / 2020, 8: 22: 20 PM:
    Connecting with TCP
1 / 1 / 2020, 8: 22: 20 PM: Connection closed
1 / 1 / 2020, 8: 22: 55 PM:
    Connecting with TCP
1 / 1 / 2020, 8: 22: 55 PM: Connection closed
1 / 1 / 2020, 8: 24: 00 PM:
    Connecting with TCP
1 / 1 / 2020, 8: 24: 00 PM: Connection closed
1 / 1 / 2020, 8: 24: 25 PM:
    Connecting with TCP
1 / 1 / 2020, 8: 24: 25 PM: Connection closed
1 / 1 / 2020, 8: 24: 50 PM:
    Connecting with TCP
1 / 1 / 2020, 8: 24: 50 PM: Connection closed
1 / 1 / 2020, 8: 25: 25 PM:
    Connecting with TCP
1 / 1 / 2020, 8: 25: 25 PM: Connection closed
1 / 1 / 2020, 8: 25: 40 PM:
    Connecting with TCP
1 / 1 / 2020, 8: 25: 40 PM: Throw at getDevicesReading: {}
1 / 1 / 2020, 8: 25: 40 PM: Error: Modbus exception 2
1 / 1 / 2020, 8: 25: 40 PM: Throw at getDevicesReading: {}
1 / 1 / 2020, 8: 25: 40 PM: Error: Modbus exception 2
1 / 1 / 2020, 8: 25: 40 PM: Throw at getDevicesReading: {}
1 / 1 / 2020, 8: 25: 40 PM: Error: Modbus exception 2
1 / 1 / 2020, 8: 25: 40 PM: Throw at getDevicesReading: {}
1 / 1 / 2020, 8: 25: 40 PM: Error: Modbus exception 2
1 / 1 / 2020, 8: 25: 40 PM: Throw at getDevicesReading: {}
1 / 1 / 2020, 8: 25: 40 PM: Error: Modbus exception 2
1 / 1 / 2020, 8: 25: 40 PM: Connection closed
1 / 1 / 2020, 8: 26: 05 PM:
    Connecting with TCP
1 / 1 / 2020, 8: 26: 05 PM: Connection closed
1 / 1 / 2020, 8: 26: 10 PM:
    Connecting with TCP
1 / 1 / 2020, 8: 26: 10 PM: Connection closed
1 / 1 / 2020, 8: 26: 25 PM:
    Connecting with TCP
1 / 1 / 2020, 8: 26: 25 PM: Connection closed
1 / 1 / 2020, 8: 26: 45 PM:
    Connecting with TCP
1 / 1 / 2020, 8: 26: 45 PM: Connection closed
1 / 1 / 2020, 8: 27: 05 PM:
    Connecting with TCP
1 / 1 / 2020, 8: 27: 05 PM: Connection closed
1 / 1 / 2020, 8: 27: 30 PM:
    Connecting with TCP
1 / 1 / 2020, 8: 27: 30 PM: Connection closed
1 / 1 / 2020, 8: 28: 40 PM:
    Connecting with TCP
1 / 1 / 2020, 8: 28: 40 PM: Connection closed
1 / 1 / 2020, 8: 29: 10 PM:
    Connecting with TCP
1 / 1 / 2020, 8: 29: 10 PM: Connection closed
1 / 1 / 2020, 8: 29: 40 PM:
    Connecting with TCP
1 / 1 / 2020, 8: 29: 40 PM: Connection closed
1 / 1 / 2020, 8: 29: 45 PM:
    Connecting with TCP
1 / 1 / 2020, 8: 29: 45 PM: Connection closed
1 / 1 / 2020, 8: 30: 30 PM:
    Connecting with TCP
1 / 1 / 2020, 8: 30: 30 PM: Connection closed
1 / 1 / 2020, 8: 32: 10 PM:
    Connecting with TCP
1 / 1 / 2020, 8: 32: 10 PM: Connection closed
1 / 1 / 2020, 8: 32: 25 PM:
    Connecting with TCP
1 / 1 / 2020, 8: 32: 25 PM: Connection closed
1 / 1 / 2020, 8: 32: 50 PM:
    Connecting with TCP
1 / 1 / 2020, 8: 32: 50 PM: Connection closed
1 / 1 / 2020, 8: 33: 15 PM:
    Connecting with TCP
1 / 1 / 2020, 8: 33: 15 PM: Throw at getDevicesReading: {}
1 / 1 / 2020, 8: 33: 15 PM: Error: Modbus exception 2
1 / 1 / 2020, 8: 33: 15 PM: Throw at getDevicesReading: {}
1 / 1 / 2020, 8: 33: 15 PM: Error: Modbus exception 2
1 / 1 / 2020, 8: 33: 15 PM: Throw at getDevicesReading: {}
1 / 1 / 2020, 8: 33: 15 PM: Error: Modbus exception 2
1 / 1 / 2020, 8: 33: 15 PM: Throw at getDevicesReading: {}
1 / 1 / 2020, 8: 33: 15 PM: Error: Modbus exception 2
1 / 1 / 2020, 8: 33: 15 PM: Throw at getDevicesReading: {}
1 / 1 / 2020, 8: 33: 15 PM: Error: Modbus exception 2
1 / 1 / 2020, 8: 33: 15 PM: Connection closed
1 / 1 / 2020, 8: 33: 40 PM:
    Connecting with TCP
1 / 1 / 2020, 8: 33: 40 PM: Connection closed
1 / 1 / 2020, 8: 33: 50 PM:
    Connecting with TCP
1 / 1 / 2020, 8: 33: 50 PM: Connection closed
1 / 1 / 2020, 8: 36: 25 PM:
    Connecting with TCP
1 / 1 / 2020, 8: 36: 25 PM: Connection closed
1 / 1 / 2020, 8: 38: 20 PM:
    Connecting with TCP
1 / 1 / 2020, 8: 38: 20 PM: Connection closed
1 / 1 / 2020, 8: 40: 50 PM:
    Connecting with TCP
1 / 1 / 2020, 8: 40: 50 PM: Connection closed
1 / 1 / 2020, 8: 41: 00 PM:
    Connecting with TCP
1 / 1 / 2020, 8: 41: 00 PM: Connection closed
1 / 1 / 2020, 9: 34: 15 PM:
    Connecting with TCP
1 / 1 / 2020, 9: 34: 15 PM: Connection closed
1 / 1 / 2020, 9: 34: 35 PM:
    Connecting with TCP
1 / 1 / 2020, 9: 34: 35 PM: Connection closed
1 / 1 / 2020, 9: 35: 35 PM:
    Connecting with TCP
1 / 1 / 2020, 9: 35: 35 PM: Connection closed
1 / 1 / 2020, 9: 37: 10 PM:
    Connecting with TCP
1 / 1 / 2020, 9: 37: 10 PM: Connection closed
1 / 1 / 2020, 9: 37: 10 PM: Throw at cronjob: ReferenceError: consolelog is not defined
1 / 1 / 2020, 9: 37: 15 PM:
    Connecting with TCP
1 / 1 / 2020, 9: 37: 15 PM: Connection closed
1 / 1 / 2020, 9: 37: 15 PM: Throw at cronjob: ReferenceError: consolelog is not defined
1 / 1 / 2020, 9: 37: 20 PM:
    Connecting with TCP
1 / 1 / 2020, 9: 37: 20 PM: Connection closed
1 / 1 / 2020, 9: 37: 20 PM: Throw at cronjob: ReferenceError: consolelog is not defined
1 / 1 / 2020, 9: 37: 25 PM:
    Connecting with TCP
1 / 1 / 2020, 9: 37: 25 PM: Connection closed
1 / 1 / 2020, 9: 37: 25 PM: Throw at cronjob: ReferenceError: consolelog is not defined
1 / 1 / 2020, 9: 37: 35 PM:
    Connecting with TCP
1 / 1 / 2020, 9: 37: 35 PM: Throw at getDevicesReading: {}
1 / 1 / 2020, 9: 37: 35 PM: Error: Modbus exception 2
1 / 1 / 2020, 9: 37: 35 PM: Throw at getDevicesReading: {}
1 / 1 / 2020, 9: 37: 35 PM: Error: Modbus exception 2
1 / 1 / 2020, 9: 37: 35 PM: Connection closed
1 / 1 / 2020, 9: 38: 10 PM:
    Connecting with TCP
1 / 1 / 2020, 9: 38: 10 PM: Throw at getDevicesReading: {}
1 / 1 / 2020, 9: 38: 10 PM: Error: Modbus exception 2
1 / 1 / 2020, 9: 38: 10 PM: Throw at getDevicesReading: {}
1 / 1 / 2020, 9: 38: 10 PM: Error: Modbus exception 2
1 / 1 / 2020, 9: 38: 10 PM: Throw at getDevicesReading: {}
1 / 1 / 2020, 9: 38: 10 PM: Error: Modbus exception 2
1 / 1 / 2020, 9: 38: 10 PM: Throw at getDevicesReading: {}
1 / 1 / 2020, 9: 38: 10 PM: Error: Modbus exception 2
1 / 1 / 2020, 9: 38: 10 PM: Throw at getDevicesReading: {}
1 / 1 / 2020, 9: 38: 10 PM: Error: Modbus exception 2
1 / 1 / 2020, 9: 38: 10 PM: Connection closed
1 / 1 / 2020, 9: 38: 20 PM:
    Connecting with TCP
1 / 1 / 2020, 9: 38: 20 PM: Throw at getDevicesReading: {}
1 / 1 / 2020, 9: 38: 20 PM: Error: Modbus exception 2
1 / 1 / 2020, 9: 38: 20 PM: Throw at getDevicesReading: {}
1 / 1 / 2020, 9: 38: 20 PM: Error: Modbus exception 2
1 / 1 / 2020, 9: 38: 20 PM: Throw at getDevicesReading: {}
1 / 1 / 2020, 9: 38: 20 PM: Error: Modbus exception 2
1 / 1 / 2020, 9: 38: 20 PM: Throw at getDevicesReading: {}
1 / 1 / 2020, 9: 38: 20 PM: Error: Modbus exception 2
1 / 1 / 2020, 9: 38: 20 PM: Throw at getDevicesReading: {}
1 / 1 / 2020, 9: 38: 20 PM: Error: Modbus exception 2
1 / 1 / 2020, 9: 38: 20 PM: Connection closed
1 / 1 / 2020, 9: 38: 35 PM:
    Connecting with TCP
1 / 1 / 2020, 9: 38: 35 PM: Throw at getDevicesReading: {}
1 / 1 / 2020, 9: 38: 35 PM: Error: Modbus exception 2
1 / 1 / 2020, 9: 38: 35 PM: Throw at getDevicesReading: {}
1 / 1 / 2020, 9: 38: 35 PM: Error: Modbus exception 2
1 / 1 / 2020, 9: 38: 35 PM: Throw at getDevicesReading: {}
1 / 1 / 2020, 9: 38: 35 PM: Error: Modbus exception 2
1 / 1 / 2020, 9: 38: 35 PM: Throw at getDevicesReading: {}
1 / 1 / 2020, 9: 38: 35 PM: Error: Modbus exception 2
1 / 1 / 2020, 9: 38: 35 PM: Throw at getDevicesReading: {}
1 / 1 / 2020, 9: 38: 35 PM: Error: Modbus exception 2
1 / 1 / 2020, 9: 38: 35 PM: Connection closed
1 / 1 / 2020, 9: 39: 00 PM:
    Connecting with TCP
1 / 1 / 2020, 9: 39: 00 PM: Connection closed
1 / 1 / 2020, 9: 39: 05 PM:
    Connecting with TCP
1 / 1 / 2020, 9: 39: 05 PM: Connection closed
1 / 1 / 2020, 9: 39: 35 PM:
    Connecting with TCP
1 / 1 / 2020, 9: 39: 35 PM: Connection closed
1 / 1 / 2020, 9: 39: 50 PM:
    Connecting with TCP
1 / 1 / 2020, 9: 39: 50 PM: Connection closed
1 / 1 / 2020, 9: 40: 10 PM:
    Connecting with TCP
1 / 1 / 2020, 9: 40: 10 PM: Connection closed
1 / 1 / 2020, 9: 40: 20 PM:
    Connecting with TCP
1 / 1 / 2020, 9: 40: 20 PM: Connection closed
1 / 1 / 2020, 9: 41: 50 PM:
    Connecting with TCP
1 / 1 / 2020, 9: 41: 50 PM: Connection closed
1 / 1 / 2020, 9: 42: 00 PM:
    Connecting with TCP
1 / 1 / 2020, 9: 42: 00 PM: Connection closed
1 / 1 / 2020, 9: 42: 05 PM:
    Connecting with TCP
1 / 1 / 2020, 9: 42: 05 PM: Connection closed
1 / 1 / 2020, 9: 44: 00 PM:
    Connecting with TCP
1 / 1 / 2020, 9: 44: 00 PM: Connection closed
1 / 1 / 2020, 9: 44: 05 PM:
    Connecting with TCP
1 / 1 / 2020, 9: 44: 05 PM: Connection closed
1 / 1 / 2020, 9: 44: 10 PM:
    Connecting with TCP
1 / 1 / 2020, 9: 44: 10 PM: Connection closed
1 / 1 / 2020, 9: 44: 30 PM:
    Connecting with TCP
1 / 1 / 2020, 9: 44: 30 PM: Connection closed
1 / 1 / 2020, 9: 44: 55 PM:
    Connecting with TCP
1 / 1 / 2020, 9: 44: 55 PM: Connection closed
1 / 1 / 2020, 9: 45: 50 PM:
    Connecting with TCP
1 / 1 / 2020, 9: 45: 50 PM: Connection closed
1 / 1 / 2020, 9: 52: 05 PM:
    Connecting with TCP
1 / 1 / 2020, 9: 52: 05 PM: Connection closed
1 / 1 / 2020, 9: 52: 55 PM:
    Connecting with TCP
1 / 1 / 2020, 9: 52: 55 PM: Connection closed
1 / 1 / 2020, 9: 53: 05 PM:
    Connecting with TCP
1 / 1 / 2020, 9: 53: 05 PM: Connection closed
1 / 1 / 2020, 9: 56: 05 PM:
    Connecting with TCP
1 / 1 / 2020, 9: 56: 05 PM: Throw at getDevicesReading: {}
1 / 1 / 2020, 9: 56: 05 PM: Error: Modbus exception 2
1 / 1 / 2020, 9: 56: 05 PM: Throw at getDevicesReading: {}
1 / 1 / 2020, 9: 56: 05 PM: Error: Modbus exception 2
1 / 1 / 2020, 9: 56: 05 PM: Throw at getDevicesReading: {}
1 / 1 / 2020, 9: 56: 05 PM: Error: Modbus exception 2
1 / 1 / 2020, 9: 56: 05 PM: Throw at getDevicesReading: {}
1 / 1 / 2020, 9: 56: 05 PM: Error: Modbus exception 2
1 / 1 / 2020, 9: 56: 05 PM: Throw at getDevicesReading: {}
1 / 1 / 2020, 9: 56: 05 PM: Error: Modbus exception 2
1 / 1 / 2020, 9: 56: 05 PM: Connection closed
1 / 1 / 2020, 9: 56: 05 PM: Throw at cronjob: Error: Formulas is not array
1 / 1 / 2020, 9: 56: 10 PM:
    Connecting with TCP
1 / 1 / 2020, 9: 56: 10 PM: Throw at getDevicesReading: {}
1 / 1 / 2020, 9: 56: 10 PM: Error: Modbus exception 2
1 / 1 / 2020, 9: 56: 10 PM: Throw at getDevicesReading: {}
1 / 1 / 2020, 9: 56: 10 PM: Error: Modbus exception 2
1 / 1 / 2020, 9: 56: 10 PM: Throw at getDevicesReading: {}
1 / 1 / 2020, 9: 56: 10 PM: Error: Modbus exception 2
1 / 1 / 2020, 9: 56: 10 PM: Throw at getDevicesReading: {}
1 / 1 / 2020, 9: 56: 10 PM: Error: Modbus exception 2
1 / 1 / 2020, 9: 56: 10 PM: Throw at getDevicesReading: {}
1 / 1 / 2020, 9: 56: 10 PM: Error: Modbus exception 2
1 / 1 / 2020, 9: 56: 10 PM: Connection closed
1 / 1 / 2020, 9: 56: 10 PM: Throw at cronjob: Error: Formulas is not array
1 / 1 / 2020, 9: 57: 55 PM:
    Connecting with TCP
1 / 1 / 2020, 9: 57: 55 PM: Throw at getDevicesReading: {}
1 / 1 / 2020, 9: 57: 55 PM: Error: Modbus exception 2
1 / 1 / 2020, 9: 57: 55 PM: Throw at getDevicesReading: {}
1 / 1 / 2020, 9: 57: 55 PM: Error: Modbus exception 2
1 / 1 / 2020, 9: 57: 55 PM: Throw at getDevicesReading: {}
1 / 1 / 2020, 9: 57: 55 PM: Error: Modbus exception 2
1 / 1 / 2020, 9: 57: 55 PM: Throw at getDevicesReading: {}
1 / 1 / 2020, 9: 57: 55 PM: Error: Modbus exception 2
1 / 1 / 2020, 9: 57: 55 PM: Throw at getDevicesReading: {}
1 / 1 / 2020, 9: 57: 55 PM: Error: Modbus exception 2
1 / 1 / 2020, 9: 57: 55 PM: Connection closed
1 / 1 / 2020, 9: 57: 55 PM: Throw at cronjob: Error: Formulas is not array
1 / 1 / 2020, 9: 58: 00 PM:
    Connecting with TCP
1 / 1 / 2020, 9: 58: 00 PM: Throw at getDevicesReading: {}
1 / 1 / 2020, 9: 58: 00 PM: Error: Modbus exception 2
1 / 1 / 2020, 9: 58: 00 PM: Throw at getDevicesReading: {}
1 / 1 / 2020, 9: 58: 00 PM: Error: Modbus exception 2
1 / 1 / 2020, 9: 58: 00 PM: Throw at getDevicesReading: {}
1 / 1 / 2020, 9: 58: 00 PM: Error: Modbus exception 2
1 / 1 / 2020, 9: 58: 00 PM: Throw at getDevicesReading: {}
1 / 1 / 2020, 9: 58: 00 PM: Error: Modbus exception 2
1 / 1 / 2020, 9: 58: 00 PM: Throw at getDevicesReading: {}
1 / 1 / 2020, 9: 58: 00 PM: Error: Modbus exception 2
1 / 1 / 2020, 9: 58: 00 PM: Connection closed
1 / 1 / 2020, 9: 58: 00 PM: Throw at cronjob: Error: Formulas is not array
1 / 1 / 2020, 9: 58: 25 PM:
    Connecting with TCP
1 / 1 / 2020, 9: 58: 25 PM: Connection closed
1 / 1 / 2020, 9: 58: 25 PM: Throw at cronjob: Error: Formulas is not array
1 / 1 / 2020, 9: 58: 30 PM:
    Connecting with TCP
1 / 1 / 2020, 9: 58: 30 PM: Connection closed
1 / 1 / 2020, 9: 58: 30 PM: Throw at cronjob: Error: Formulas is not array
1 / 1 / 2020, 9: 59: 25 PM:
    Connecting with TCP
1 / 1 / 2020, 9: 59: 25 PM: Connection closed
1 / 1 / 2020, 10: 00: 50 PM:
    Connecting with TCP
1 / 1 / 2020, 10: 00: 50 PM: Connection closed
1 / 1 / 2020, 10: 00: 50 PM: Throw at cronjob: Error: Formulas is not array
1 / 1 / 2020, 10: 01: 05 PM:
    Connecting with TCP
1 / 1 / 2020, 10: 01: 05 PM: Connection closed
1 / 1 / 2020, 10: 01: 05 PM: Throw at cronjob: Error: Formulas is not array
1 / 1 / 2020, 10: 01: 10 PM:
    Connecting with TCP
1 / 1 / 2020, 10: 01: 10 PM: Connection closed
1 / 1 / 2020, 10: 01: 10 PM: Throw at cronjob: Error: Formulas is not array
1 / 1 / 2020, 10: 01: 25 PM:
    Connecting with TCP
1 / 1 / 2020, 10: 01: 25 PM: Connection closed
1 / 1 / 2020, 10: 01: 50 PM:
    Connecting with TCP
1 / 1 / 2020, 10: 01: 50 PM: Throw at getDevicesReading: {}
1 / 1 / 2020, 10: 01: 50 PM: Error: Modbus exception 2
1 / 1 / 2020, 10: 01: 50 PM: Throw at getDevicesReading: {}
1 / 1 / 2020, 10: 01: 50 PM: Error: Modbus exception 2
1 / 1 / 2020, 10: 01: 50 PM: Throw at getDevicesReading: {}
1 / 1 / 2020, 10: 01: 50 PM: Error: Modbus exception 2
1 / 1 / 2020, 10: 01: 50 PM: Throw at getDevicesReading: {}
1 / 1 / 2020, 10: 01: 50 PM: Error: Modbus exception 2
1 / 1 / 2020, 10: 01: 50 PM: Connection closed
1 / 1 / 2020, 10: 01: 50 PM: Throw at cronjob: ReferenceError: formulae is not defined
1 / 1 / 2020, 10: 02: 15 PM:
    Connecting with TCP
1 / 1 / 2020, 10: 02: 15 PM: Connection closed
1 / 1 / 2020, 10: 02: 15 PM: Throw at cronjob: ReferenceError: formulae is not defined
1 / 1 / 2020, 10: 02: 30 PM:
    Connecting with TCP
1 / 1 / 2020, 10: 02: 30 PM: Connection closed
1 / 1 / 2020, 10: 02: 30 PM: Throw at cronjob: ReferenceError: formulae is not defined
1 / 1 / 2020, 10: 02: 35 PM:
    Connecting with TCP
1 / 1 / 2020, 10: 02: 35 PM: Connection closed
1 / 1 / 2020, 10: 02: 35 PM: Throw at cronjob: ReferenceError: formulae is not defined
1 / 1 / 2020, 10: 03: 20 PM:
    Connecting with TCP
1 / 1 / 2020, 10: 03: 20 PM: Connection closed
1 / 1 / 2020, 10: 03: 20 PM: Throw at cronjob: Error: Formulas is not array
1 / 1 / 2020, 10: 03: 35 PM:
    Connecting with TCP
1 / 1 / 2020, 10: 03: 35 PM: Connection closed
1 / 1 / 2020, 10: 03: 35 PM: Throw at cronjob: Error: Formulas is not array
1 / 1 / 2020, 10: 03: 50 PM:
    Connecting with TCP
1 / 1 / 2020, 10: 03: 50 PM: Connection closed
1 / 1 / 2020, 10: 04: 45 PM:
    Connecting with TCP
1 / 1 / 2020, 10: 04: 45 PM: Connection closed
1 / 1 / 2020, 10: 07: 10 PM:
    Connecting with TCP
1 / 1 / 2020, 10: 07: 10 PM: Throw at getDevicesReading: {}
1 / 1 / 2020, 10: 07: 10 PM: Error: Modbus exception 2
1 / 1 / 2020, 10: 07: 10 PM: Throw at getDevicesReading: {}
1 / 1 / 2020, 10: 07: 10 PM: Error: Modbus exception 2
1 / 1 / 2020, 10: 07: 10 PM: Throw at getDevicesReading: {}
1 / 1 / 2020, 10: 07: 10 PM: Error: Modbus exception 2
1 / 1 / 2020, 10: 07: 10 PM: Throw at getDevicesReading: {}
1 / 1 / 2020, 10: 07: 10 PM: Error: Modbus exception 2
1 / 1 / 2020, 10: 07: 10 PM: Throw at getDevicesReading: {}
1 / 1 / 2020, 10: 07: 10 PM: Error: Modbus exception 2
1 / 1 / 2020, 10: 07: 10 PM: Connection closed
1 / 1 / 2020, 10: 07: 10 PM: Throw at cronjob: TypeError: finalReading.push is not a
function
1 / 1 / 2020, 10: 07: 15 PM:
    Connecting with TCP
1 / 1 / 2020, 10: 07: 15 PM: Throw at getDevicesReading: {}
1 / 1 / 2020, 10: 07: 15 PM: Error: Modbus exception 2
1 / 1 / 2020, 10: 07: 15 PM: Throw at getDevicesReading: {}
1 / 1 / 2020, 10: 07: 15 PM: Error: Modbus exception 2
1 / 1 / 2020, 10: 07: 15 PM: Throw at getDevicesReading: {}
1 / 1 / 2020, 10: 07: 15 PM: Error: Modbus exception 2
1 / 1 / 2020, 10: 07: 15 PM: Throw at getDevicesReading: {}
1 / 1 / 2020, 10: 07: 15 PM: Error: Modbus exception 2
1 / 1 / 2020, 10: 07: 15 PM: Throw at getDevicesReading: {}
1 / 1 / 2020, 10: 07: 15 PM: Error: Modbus exception 2
1 / 1 / 2020, 10: 07: 15 PM: Connection closed
1 / 1 / 2020, 10: 07: 15 PM: Throw at cronjob: TypeError: finalReading.push is not a
function
1 / 1 / 2020, 10: 07: 20 PM:
    Connecting with TCP
1 / 1 / 2020, 10: 07: 20 PM: Throw at getDevicesReading: {}
1 / 1 / 2020, 10: 07: 20 PM: Error: Modbus exception 2
1 / 1 / 2020, 10: 07: 20 PM: Throw at getDevicesReading: {}
1 / 1 / 2020, 10: 07: 20 PM: Error: Modbus exception 2
1 / 1 / 2020, 10: 07: 20 PM: Throw at getDevicesReading: {}
1 / 1 / 2020, 10: 07: 20 PM: Error: Modbus exception 2
1 / 1 / 2020, 10: 07: 20 PM: Throw at getDevicesReading: {}
1 / 1 / 2020, 10: 07: 20 PM: Error: Modbus exception 2
1 / 1 / 2020, 10: 07: 20 PM: Throw at getDevicesReading: {}
1 / 1 / 2020, 10: 07: 20 PM: Error: Modbus exception 2
1 / 1 / 2020, 10: 07: 20 PM: Connection closed
1 / 1 / 2020, 10: 07: 20 PM: Throw at cronjob: TypeError: finalReading.push is not a
function
1 / 1 / 2020, 10: 07: 25 PM:
    Connecting with TCP
1 / 1 / 2020, 10: 07: 25 PM: Throw at getDevicesReading: {}
1 / 1 / 2020, 10: 07: 25 PM: Error: Modbus exception 2
1 / 1 / 2020, 10: 07: 25 PM: Throw at getDevicesReading: {}
1 / 1 / 2020, 10: 07: 25 PM: Error: Modbus exception 2
1 / 1 / 2020, 10: 07: 25 PM: Throw at getDevicesReading: {}
1 / 1 / 2020, 10: 07: 25 PM: Error: Modbus exception 2
1 / 1 / 2020, 10: 07: 25 PM: Connection closed
1 / 1 / 2020, 10: 07: 25 PM: Throw at cronjob: TypeError: finalReading.push is not a
function
1 / 1 / 2020, 10: 07: 30 PM:
    Connecting with TCP
1 / 1 / 2020, 10: 07: 30 PM: Throw at getDevicesReading: {}
1 / 1 / 2020, 10: 07: 30 PM: Error: Modbus exception 2
1 / 1 / 2020, 10: 07: 30 PM: Connection closed
1 / 1 / 2020, 10: 07: 30 PM: Throw at cronjob: TypeError: finalReading.push is not a
function
1 / 1 / 2020, 10: 07: 35 PM:
    Connecting with TCP
1 / 1 / 2020, 10: 07: 35 PM: Connection closed
1 / 1 / 2020, 10: 07: 35 PM: Throw at cronjob: TypeError: finalReading.push is not a
function
1 / 1 / 2020, 10: 07: 40 PM:
    Connecting with TCP
1 / 1 / 2020, 10: 07: 40 PM: Connection closed
1 / 1 / 2020, 10: 07: 40 PM: Throw at cronjob: TypeError: finalReading.push is not a
function
1 / 1 / 2020, 10: 07: 45 PM:
    Connecting with TCP
1 / 1 / 2020, 10: 07: 45 PM: Connection closed
1 / 1 / 2020, 10: 07: 45 PM: Throw at cronjob: TypeError: finalReading.push is not a
function
1 / 1 / 2020, 10: 07: 50 PM:
    Connecting with TCP
1 / 1 / 2020, 10: 08: 10 PM:
    Connecting with TCP
1 / 1 / 2020, 10: 08: 10 PM: Connection closed
1 / 1 / 2020, 10: 08: 10 PM: Throw at cronjob: Error: Item of Formulas must be instance of Formula
1 / 1 / 2020, 10: 08: 30 PM:
    Connecting with TCP
1 / 1 / 2020, 10: 08: 30 PM: Connection closed
1 / 1 / 2020, 10: 08: 30 PM: Throw at cronjob: Error: Item of Formulas must be instance of Formula
1 / 1 / 2020, 10: 08: 50 PM:
    Connecting with TCP
1 / 1 / 2020, 10: 08: 50 PM: Connection closed
1 / 1 / 2020, 10: 08: 50 PM: Throw at cronjob: Error: Item of Formulas must be instance of Formula
1 / 1 / 2020, 10: 09: 00 PM:
    Connecting with TCP
1 / 1 / 2020, 10: 09: 00 PM: Connection closed
1 / 1 / 2020, 10: 09: 00 PM: Throw at cronjob: Error: Item of Formulas must be instance of Formula
1 / 1 / 2020, 10: 09: 15 PM:
    Connecting with TCP
1 / 1 / 2020, 10: 09: 15 PM: Connection closed
1 / 1 / 2020, 10: 09: 50 PM:
    Connecting with TCP
1 / 1 / 2020, 10: 09: 50 PM: Connection closed
1 / 1 / 2020, 10: 10: 10 PM:
    Connecting with TCP
1 / 1 / 2020, 10: 10: 10 PM: Connection closed
1 / 1 / 2020, 10: 10: 10 PM: Throw at cronjob: TypeError: Cannot read property 'fieldNames' of undefined
1 / 1 / 2020, 10: 10: 15 PM:
    Connecting with TCP
1 / 1 / 2020, 10: 10: 15 PM: Connection closed
1 / 1 / 2020, 10: 10: 15 PM: Throw at cronjob: TypeError: Cannot read property 'fieldNames' of undefined
1 / 1 / 2020, 10: 10: 40 PM:
    Connecting with TCP
1 / 1 / 2020, 10: 10: 40 PM: Connection closed
1 / 1 / 2020, 10: 11: 10 PM:
    Connecting with TCP
1 / 1 / 2020, 10: 11: 10 PM: Throw at getDevicesReading: {}
1 / 1 / 2020, 10: 11: 10 PM: Error: Modbus exception 2
1 / 1 / 2020, 10: 11: 10 PM: Throw at getDevicesReading: {}
1 / 1 / 2020, 10: 11: 10 PM: Error: Modbus exception 2
1 / 1 / 2020, 10: 11: 10 PM: Throw at getDevicesReading: {}
1 / 1 / 2020, 10: 11: 10 PM: Error: Modbus exception 2
1 / 1 / 2020, 10: 11: 10 PM: Throw at getDevicesReading: {}
1 / 1 / 2020, 10: 11: 10 PM: Error: Modbus exception 2
1 / 1 / 2020, 10: 11: 10 PM: Throw at getDevicesReading: {}
1 / 1 / 2020, 10: 11: 10 PM: Error: Modbus exception 2
1 / 1 / 2020, 10: 11: 10 PM: Connection closed
1 / 1 / 2020, 10: 11: 40 PM:
    Connecting with TCP
1 / 1 / 2020, 10: 11: 40 PM: Connection closed
1 / 1 / 2020, 10: 12: 00 PM:
    Connecting with TCP
1 / 1 / 2020, 10: 12: 00 PM: Connection closed
1 / 1 / 2020, 10: 12: 25 PM:
    Connecting with TCP
1 / 1 / 2020, 10: 12: 25 PM: Connection closed
1 / 1 / 2020, 10: 12: 45 PM:
    Connecting with TCP
1 / 1 / 2020, 10: 12: 45 PM: Connection closed
1 / 1 / 2020, 10: 12: 45 PM: Throw at cronjob: TypeError: Cannot read property 'devices' of undefined
1 / 1 / 2020, 10: 13: 05 PM:
    Connecting with TCP
1 / 1 / 2020, 10: 13: 05 PM: Connection closed
1 / 1 / 2020, 10: 13: 05 PM: Throw at cronjob: TypeError: Cannot read property 'devices' of undefined
1 / 1 / 2020, 10: 13: 10 PM:
    Connecting with TCP
1 / 1 / 2020, 10: 13: 10 PM: Connection closed
1 / 1 / 2020, 10: 13: 10 PM: Throw at cronjob: TypeError: Cannot read property 'devices' of undefined
1 / 1 / 2020, 10: 13: 20 PM:
    Connecting with TCP
1 / 1 / 2020, 10: 13: 20 PM: Connection closed
1 / 1 / 2020, 10: 13: 35 PM:
    Connecting with TCP
1 / 1 / 2020, 10: 13: 35 PM: Connection closed
1 / 1 / 2020, 10: 14: 00 PM:
    Connecting with TCP
1 / 1 / 2020, 10: 14: 00 PM: Connection closed
1 / 1 / 2020, 10: 14: 20 PM:
    Connecting with TCP
1 / 1 / 2020, 10: 14: 20 PM: Connection closed
1 / 1 / 2020, 10: 14: 25 PM:
    Connecting with TCP
1 / 1 / 2020, 10: 14: 45 PM:
    Connecting with TCP
1 / 1 / 2020, 10: 14: 45 PM: Connection closed
1 / 1 / 2020, 10: 15: 25 PM:
    Connecting with TCP
1 / 1 / 2020, 10: 15: 25 PM: Connection closed
1 / 1 / 2020, 10: 15: 50 PM:
    Connecting with TCP
1 / 1 / 2020, 10: 15: 50 PM: Connection closed
1 / 1 / 2020, 10: 16: 05 PM:
    Connecting with TCP
1 / 1 / 2020, 10: 16: 05 PM: Connection closed
1 / 1 / 2020, 10: 16: 20 PM:
    Connecting with TCP
1 / 1 / 2020, 10: 16: 20 PM: Connection closed
1 / 1 / 2020, 10: 16: 35 PM:
    Connecting with TCP
1 / 1 / 2020, 10: 16: 35 PM: Connection closed
1 / 1 / 2020, 10: 17: 05 PM:
    Connecting with TCP
1 / 1 / 2020, 10: 17: 05 PM: Connection closed
1 / 2 / 2020, 1: 23: 15 PM:
    Connecting with TCP
1 / 2 / 2020, 1: 23: 15 PM: Connection closed
1 / 2 / 2020, 1: 23: 35 PM:
    Connecting with TCP
1 / 2 / 2020, 1: 23: 35 PM: Connection closed
1 / 2 / 2020, 1: 23: 40 PM:
    Connecting with TCP
1 / 2 / 2020, 1: 23: 40 PM: Connection closed
1 / 2 / 2020, 1: 23: 45 PM:
    Connecting with TCP
1 / 2 / 2020, 1: 23: 45 PM: Connection closed
1 / 2 / 2020, 1: 23: 50 PM:
    Connecting with TCP
1 / 2 / 2020, 1: 23: 50 PM: Connection closed
1 / 2 / 2020, 1: 24: 10 PM:
    Connecting with TCP
1 / 2 / 2020, 1: 24: 10 PM: Connection closed
1 / 2 / 2020, 1: 24: 15 PM:
    Connecting with TCP
1 / 2 / 2020, 1: 24: 15 PM: Connection closed
1 / 7 / 2020, 11: 58: 15 AM:
    Connecting with TCP
1 / 7 / 2020, 11: 58: 15 AM: Connection closed
1 / 7 / 2020, 11: 58: 20 AM:
    Connecting with TCP
1 / 7 / 2020, 11: 58: 20 AM: Connection closed
1 / 7 / 2020, 11: 58: 25 AM:
    Connecting with TCP
1 / 7 / 2020, 11: 58: 25 AM: Connection closed